-- E164 type regression test SQL script
SET search_path = public;
\set ECHO none
psql:e164.sql:17: NOTICE:  CREATE TABLE / PRIMARY KEY will create implicit index "info_pkey" for table "info"
psql:e164.sql:17: NOTICE:  CREATE TABLE / UNIQUE will create implicit index "info_installed_at_key" for table "info"
psql:e164.sql:17: NOTICE:  CREATE TABLE / UNIQUE will create implicit index "info_scm_revision_key" for table "info"
psql:e164.sql:24: NOTICE:  type "e164" is not yet defined
DETAIL:  Creating a shell type definition.
psql:e164.sql:29: NOTICE:  argument type e164 is only a shell
psql:e164.sql:34: NOTICE:  argument type e164 is only a shell
psql:e164.sql:39: NOTICE:  return type e164 is only a shell
psql:e164.sql:44: NOTICE:  argument type e164 is only a shell
\set VERBOSITY terse
SET SEARCH_PATH to public, e164;
CREATE TABLE telephone_numbers
(
    telephone_number e164 PRIMARY KEY
);
NOTICE:  CREATE TABLE / PRIMARY KEY will create implicit index "telephone_numbers_pkey" for table "telephone_numbers"
COPY telephone_numbers (telephone_number) FROM STDIN;
SELECT *
FROM telephone_numbers
ORDER BY telephone_number;
 telephone_number 
------------------
 +1 207 865 2196
 +1 303 289 9913
 +1 609 492 6522
 +1 615 855 1760
 +1 713 729 2424
 +1 800 724 6269
 +1 812 522 4008
 +1 816 221 2045
 +1 816 279 6113
 +1 888 735 5977
 +1 941 258 3400
 +7 495 626 0391
 +7 495 980 8440
 +7 495 980 8441
 +7 812 232 6983
 +7 812 232 8250
 +7 812 232 8260
 +7 812 325 4044
 +20 2336 6848
 +20 3481 0166
 +20 22 268 6035
 +20 22 277 7000
 +20 22 591 2502
 +27 11 431 4068
 +27 11 622 3170
 +27 11 782 5226
 +27 11 949 1263
 +44 122 320 7072
 +44 122 320 8301
 +44 207 034 2900
 +44 207 377 9923
 +44 208 518 7347
 +44 208 778 2777
 +44 208 981 6811
 +44 845 603 2458
 +55 115 055 7460
 +55 212 452 7106
 +55 623 357 6049
 +55 793 217 3229
 +55 913 229 4022
 +81 18 524 2051
 +81 18 832 7353
 +81 18 836 1268
 +81 18 836 4224
 +81 76 222 6757
 +81 76 241 2341
 +91 2369 2496
 +91 2641 0553
 +91 2655 2802
 +91 2810 2290
 +353 1212 1220
 +353 1857 2979
(52 rows)

SELECT e164_raw(telephone_number)
FROM telephone_numbers
ORDER BY telephone_number;
   e164_raw    
---------------
 +12078652196
 +13032899913
 +16094926522
 +16158551760
 +17137292424
 +18007246269
 +18125224008
 +18162212045
 +18162796113
 +18887355977
 +19412583400
 +74956260391
 +74959808440
 +74959808441
 +78122326983
 +78122328250
 +78122328260
 +78123254044
 +2023366848
 +2034810166
 +20222686035
 +20222777000
 +20225912502
 +27114314068
 +27116223170
 +27117825226
 +27119491263
 +441223207072
 +441223208301
 +442070342900
 +442073779923
 +442085187347
 +442087782777
 +442089816811
 +448456032458
 +551150557460
 +552124527106
 +556233576049
 +557932173229
 +559132294022
 +81185242051
 +81188327353
 +81188361268
 +81188364224
 +81762226757
 +81762412341
 +9123692496
 +9126410553
 +9126552802
 +9128102290
 +35312121220
 +35318572979
(52 rows)

SELECT e164_raw(telephone_number)
FROM telephone_numbers
ORDER BY CAST(telephone_number AS text);
   e164_raw    
---------------
 +12078652196
 +13032899913
 +16094926522
 +16158551760
 +17137292424
 +18007246269
 +18125224008
 +18162212045
 +18162796113
 +18887355977
 +19412583400
 +20222686035
 +20222777000
 +20225912502
 +2023366848
 +2034810166
 +27114314068
 +27116223170
 +27117825226
 +27119491263
 +35312121220
 +35318572979
 +441223207072
 +441223208301
 +442070342900
 +442073779923
 +442085187347
 +442087782777
 +442089816811
 +448456032458
 +551150557460
 +552124527106
 +556233576049
 +557932173229
 +559132294022
 +74956260391
 +74959808440
 +74959808441
 +78122326983
 +78122328250
 +78122328260
 +78123254044
 +81185242051
 +81188327353
 +81188361268
 +81188364224
 +81762226757
 +81762412341
 +9123692496
 +9126410553
 +9126552802
 +9128102290
(52 rows)

SELECT e164_raw(telephone_number) as raw_phone_number
    , country_code(telephone_number)
FROM telephone_numbers
ORDER BY telephone_number;
 raw_phone_number | country_code 
------------------+--------------
 +12078652196     | 1
 +13032899913     | 1
 +16094926522     | 1
 +16158551760     | 1
 +17137292424     | 1
 +18007246269     | 1
 +18125224008     | 1
 +18162212045     | 1
 +18162796113     | 1
 +18887355977     | 1
 +19412583400     | 1
 +74956260391     | 7
 +74959808440     | 7
 +74959808441     | 7
 +78122326983     | 7
 +78122328250     | 7
 +78122328260     | 7
 +78123254044     | 7
 +2023366848      | 20
 +2034810166      | 20
 +20222686035     | 20
 +20222777000     | 20
 +20225912502     | 20
 +27114314068     | 27
 +27116223170     | 27
 +27117825226     | 27
 +27119491263     | 27
 +441223207072    | 44
 +441223208301    | 44
 +442070342900    | 44
 +442073779923    | 44
 +442085187347    | 44
 +442087782777    | 44
 +442089816811    | 44
 +448456032458    | 44
 +551150557460    | 55
 +552124527106    | 55
 +556233576049    | 55
 +557932173229    | 55
 +559132294022    | 55
 +81185242051     | 81
 +81188327353     | 81
 +81188361268     | 81
 +81188364224     | 81
 +81762226757     | 81
 +81762412341     | 81
 +9123692496      | 91
 +9126410553      | 91
 +9126552802      | 91
 +9128102290      | 91
 +35312121220     | 353
 +35318572979     | 353
(52 rows)

SELECT e164_raw(telephone_number) as raw_phone_number
    , e164_raw(a_telephone_number) as a_raw_phone_number
    , telephone_number < a_telephone_number as lt
    , telephone_number <= a_telephone_number as le
    , telephone_number = a_telephone_number as eq
    , telephone_number >= a_telephone_number as ge
    , telephone_number > a_telephone_number as gt
    , telephone_number <> a_telephone_number as ne
FROM telephone_numbers
CROSS JOIN (SELECT CAST('+442073779923' AS e164)) AS a(a_telephone_number)
ORDER BY telephone_number;
 raw_phone_number | a_raw_phone_number | lt | le | eq | ge | gt | ne 
------------------+--------------------+----+----+----+----+----+----
 +12078652196     | +442073779923      | t  | t  | f  | f  | t  | t
 +13032899913     | +442073779923      | t  | t  | f  | f  | t  | t
 +16094926522     | +442073779923      | t  | t  | f  | f  | t  | t
 +16158551760     | +442073779923      | t  | t  | f  | f  | t  | t
 +17137292424     | +442073779923      | t  | t  | f  | f  | t  | t
 +18007246269     | +442073779923      | t  | t  | f  | f  | t  | t
 +18125224008     | +442073779923      | t  | t  | f  | f  | t  | t
 +18162212045     | +442073779923      | t  | t  | f  | f  | t  | t
 +18162796113     | +442073779923      | t  | t  | f  | f  | t  | t
 +18887355977     | +442073779923      | t  | t  | f  | f  | t  | t
 +19412583400     | +442073779923      | t  | t  | f  | f  | t  | t
 +74956260391     | +442073779923      | t  | t  | f  | f  | t  | t
 +74959808440     | +442073779923      | t  | t  | f  | f  | t  | t
 +74959808441     | +442073779923      | t  | t  | f  | f  | t  | t
 +78122326983     | +442073779923      | t  | t  | f  | f  | t  | t
 +78122328250     | +442073779923      | t  | t  | f  | f  | t  | t
 +78122328260     | +442073779923      | t  | t  | f  | f  | t  | t
 +78123254044     | +442073779923      | t  | t  | f  | f  | t  | t
 +2023366848      | +442073779923      | t  | t  | f  | f  | t  | t
 +2034810166      | +442073779923      | t  | t  | f  | f  | t  | t
 +20222686035     | +442073779923      | t  | t  | f  | f  | t  | t
 +20222777000     | +442073779923      | t  | t  | f  | f  | t  | t
 +20225912502     | +442073779923      | t  | t  | f  | f  | t  | t
 +27114314068     | +442073779923      | t  | t  | f  | f  | t  | t
 +27116223170     | +442073779923      | t  | t  | f  | f  | t  | t
 +27117825226     | +442073779923      | t  | t  | f  | f  | t  | t
 +27119491263     | +442073779923      | t  | t  | f  | f  | t  | t
 +441223207072    | +442073779923      | t  | t  | f  | f  | t  | t
 +441223208301    | +442073779923      | t  | t  | f  | f  | t  | t
 +442070342900    | +442073779923      | t  | t  | f  | f  | t  | t
 +442073779923    | +442073779923      | f  | t  | t  | t  | t  | f
 +442085187347    | +442073779923      | f  | f  | f  | t  | f  | t
 +442087782777    | +442073779923      | f  | f  | f  | t  | f  | t
 +442089816811    | +442073779923      | f  | f  | f  | t  | f  | t
 +448456032458    | +442073779923      | f  | f  | f  | t  | f  | t
 +551150557460    | +442073779923      | f  | f  | f  | t  | f  | t
 +552124527106    | +442073779923      | f  | f  | f  | t  | f  | t
 +556233576049    | +442073779923      | f  | f  | f  | t  | f  | t
 +557932173229    | +442073779923      | f  | f  | f  | t  | f  | t
 +559132294022    | +442073779923      | f  | f  | f  | t  | f  | t
 +81185242051     | +442073779923      | f  | f  | f  | t  | f  | t
 +81188327353     | +442073779923      | f  | f  | f  | t  | f  | t
 +81188361268     | +442073779923      | f  | f  | f  | t  | f  | t
 +81188364224     | +442073779923      | f  | f  | f  | t  | f  | t
 +81762226757     | +442073779923      | f  | f  | f  | t  | f  | t
 +81762412341     | +442073779923      | f  | f  | f  | t  | f  | t
 +9123692496      | +442073779923      | f  | f  | f  | t  | f  | t
 +9126410553      | +442073779923      | f  | f  | f  | t  | f  | t
 +9126552802      | +442073779923      | f  | f  | f  | t  | f  | t
 +9128102290      | +442073779923      | f  | f  | f  | t  | f  | t
 +35312121220     | +442073779923      | f  | f  | f  | t  | f  | t
 +35318572979     | +442073779923      | f  | f  | f  | t  | f  | t
(52 rows)

CREATE INDEX telephone_number_hash_idx
ON telephone_numbers USING hash
(telephone_number) ;
DROP TABLE telephone_numbers;
-- Invalid input strings
-- non-numeric characters in string
SELECT CAST('+1234567890a' AS e164);
ERROR:  invalid E164 number format: "+1234567890a" at character 13
SELECT CAST('+a' AS e164);
ERROR:  string too short "+a" at character 13
-- leading or trailing whitespace
SELECT CAST(' +1234567890' AS e164);
ERROR:  invalid E164 prefix: " +1234567890" at character 13
SELECT CAST('+1234567890 ' AS e164);
ERROR:  invalid E164 number format: "+1234567890 " at character 13
SELECT CAST(' +1234567890 ' AS e164);
ERROR:  invalid E164 prefix: " +1234567890 " at character 13
-- no prefix
SELECT CAST('1234567890' AS e164);
ERROR:  invalid E164 prefix: "1234567890" at character 13
-- too short for e164
SELECT CAST('+1' AS e164);
ERROR:  string too short "+1" at character 13
-- too long for e164
SELECT CAST('+12345678901234567890' AS e164);
ERROR:  string too long: "+12345678901234567890" at character 13
-- unassigned country codes
-- 0 is reserved
SELECT CAST('+01234567890' AS e164);
ERROR:  unassigned country code for E164 number "+01234567890": 0 at character 13
-- 280 is Spare with Note
SELECT CAST('+280123456' AS e164);
ERROR:  unassigned country code for E164 number "+280123456": 280 at character 13
-- 295 is Spare without Note
SELECT CAST('+295123456' AS e164);
ERROR:  unassigned country code for E164 number "+295123456": 295 at character 13
-- inconsistent length and country code (subscriber number minimum lengths)
-- Geographic Area and Global Service numbers require a subscriber number
-- of at least one digit. As *all* E164 numbers must have a subscriber
-- number of at least one digit, Geographic Area and Global Service numbers
-- without subscriber numbers will be invalid in general and not raise
-- this specific error.
-- Geographic Area: minimum 1 digit
-- '+1' should actually be caught as a minimum length error before this
SELECT CAST('+1' AS e164);
ERROR:  string too short "+1" at character 13
SELECT CAST('+11' AS e164);
 e164 
------
 +1 1
(1 row)

-- These should raise no subscriber number digit errors
SELECT CAST('+81' AS e164);
ERROR:  no subscriber number digits in E164 number "+81" at character 13
SELECT CAST('+811' AS e164); -- okay
 e164  
-------
 +81 1
(1 row)

SELECT CAST('+220' AS e164);
ERROR:  no subscriber number digits in E164 number "+220" at character 13
SELECT CAST('+2201' AS e164); -- okay
  e164  
--------
 +220 1
(1 row)

-- Global Service: minimum 1 digit
SELECT CAST('+800' AS e164);
ERROR:  no subscriber number digits in E164 number "+800" at character 13
SELECT CAST('+808' AS e164);
ERROR:  no subscriber number digits in E164 number "+808" at character 13
SELECT CAST('+8001' AS e164); -- okay
  e164  
--------
 +800 1
(1 row)

SELECT CAST('+8081' AS e164); -- okay
  e164  
--------
 +808 1
(1 row)

-- Inconsistent Group of Countries and Network numbers should raise
-- inconsistent E164 number
-- Group of Countries: minimum 2 digits
SELECT CAST('+3881' AS e164);
ERROR:  inconsistent length and country code for E164 number "+3881" (country code: 388) at character 13
SELECT CAST('+38812' AS e164); -- okay
  e164   
---------
 +388 12
(1 row)

SELECT CAST('+3882' AS e164);
ERROR:  inconsistent length and country code for E164 number "+3882" (country code: 388) at character 13
SELECT CAST('+38822' AS e164); -- okay
  e164   
---------
 +388 22
(1 row)

-- Network: minimum 2 digits
SELECT CAST('+8701' AS e164);
ERROR:  inconsistent length and country code for E164 number "+8701" (country code: 870) at character 13
SELECT CAST('+87019' AS e164); -- okay
  e164   
---------
 +870 19
(1 row)

SELECT CAST('+8711' AS e164);
ERROR:  inconsistent length and country code for E164 number "+8711" (country code: 871) at character 13
SELECT CAST('+87119' AS e164); -- okay
  e164   
---------
 +871 19
(1 row)

-- Full 15 digits
SELECT CAST('+998999999999999' AS e164); -- okay
        e164         
---------------------
 +998 9999 9999 9999
(1 row)

-- Formatted numbers parsing
-- Normal
SELECT CAST('+1 (23) 456' AS e164); -- okay
   e164    
-----------
 +1 23 456
(1 row)

SELECT CAST('+1(23)456' AS e164); -- okay
   e164    
-----------
 +1 23 456
(1 row)

-- Garbage in text
SELECT CAST('+1a23 456' AS e164);
ERROR:  invalid E164 number format: "+1a23 456" at character 13
-- 'Bogus' country code
SELECT CAST('+123 456' AS e164); -- okay
   e164    
-----------
 +1 23 456
(1 row)

-- Country code 'exceeding' allowed range
SELECT CAST('+1234 56' AS e164); -- okay
   e164    
-----------
 +1 23 456
(1 row)

-- Trailing paren
SELECT CAST('+1 (23)' AS e164);
ERROR:  invalid E164 number format: "+1 (23)" at character 13
-- 'Misplaced' area code parens
SELECT CAST('+1 23 (456) 789' AS e164); -- okay
     e164     
--------------
 +1 2345 6789
(1 row)

-- 'Misplaced' area code parens, again
SELECT CAST('+1 23(456) 789' AS e164); -- okay
     e164     
--------------
 +1 2345 6789
(1 row)

-- Leading paren
SELECT CAST('+(1) 23' AS e164);
ERROR:  invalid E164 number format: "+(1) 23" at character 13
-- Double parens
SELECT CAST('+1 (23) (456)' AS e164);
ERROR:  invalid E164 number format: "+1 (23) (456)" at character 13
-- Mismatched parens
SELECT CAST('+1 ((' AS e164);
ERROR:  invalid E164 number format: "+1 ((" at character 13
-- Empty parens
SELECT CAST('+1 ()' AS e164);
ERROR:  invalid E164 number format: "+1 ()" at character 13
-- Extra space before paren
SELECT CAST('+1 ( 23) 456' AS e164); -- okay
   e164    
-----------
 +1 23 456
(1 row)

-- Space inside parens
SELECT CAST('+1 (2 3) 456' AS e164); -- okay
   e164    
-----------
 +1 23 456
(1 row)

-- Right paren first
SELECT CAST('+1 )23) 456' AS e164);
ERROR:  invalid E164 number format: "+1 )23) 456" at character 13
-- Leading space
SELECT CAST('+ 1 23 456' AS e164); -- okay
   e164    
-----------
 +1 23 456
(1 row)

-- Trailing space
SELECT CAST('+1 23 456 ' AS e164);
ERROR:  invalid E164 number format: "+1 23 456 " at character 13
-- Extra inner space
SELECT CAST('+1  23 456' AS e164); -- okay
   e164    
-----------
 +1 23 456
(1 row)

-- The Christmas tree formatting test
SELECT CAST('+12' AS e164);
 e164 
------
 +1 2
(1 row)

SELECT CAST('+123' AS e164);
 e164  
-------
 +1 23
(1 row)

SELECT CAST('+1234' AS e164);
  e164  
--------
 +1 234
(1 row)

SELECT CAST('+12345' AS e164);
  e164   
---------
 +1 2345
(1 row)

SELECT CAST('+123456' AS e164);
   e164    
-----------
 +1 23 456
(1 row)

SELECT CAST('+1234567' AS e164);
    e164    
------------
 +1 234 567
(1 row)

SELECT CAST('+12345678' AS e164);
    e164     
-------------
 +1 234 5678
(1 row)

SELECT CAST('+123456789' AS e164);
     e164     
--------------
 +1 2345 6789
(1 row)

SELECT CAST('+1234567890' AS e164);
      e164      
----------------
 +1 23 456 7890
(1 row)

SELECT CAST('+12345678901' AS e164);
      e164       
-----------------
 +1 234 567 8901
(1 row)

SELECT CAST('+123456789012' AS e164);
       e164       
------------------
 +1 234 5678 9012
(1 row)

SELECT CAST('+1234567890123' AS e164);
       e164        
-------------------
 +1 2345 6789 0123
(1 row)

SELECT CAST('+12345678901234' AS e164);
        e164         
---------------------
 +1 23 456 7890 1234
(1 row)

SELECT CAST('+123456789012345' AS e164);
         e164         
----------------------
 +1 234 567 8901 2345
(1 row)

